<?xml version="1.0" encoding="UTF-8"?>
<!-- Generated by org.testng.reporters.JUnitXMLReporter -->
<testsuite ignored="0" hostname="MS" failures="1" tests="1" name="edgeTest" time="101.119" errors="0" timestamp="2024-06-30T13:52:17 IST">
  <testcase classname="testCases.TC_001_HomePage" name="accountRegistration" time="19.623">
    <failure type="org.openqa.selenium.remote.UnreachableBrowserException" message="Error communicating with the remote browser. It may have died.
Build info: version: &amp;apos;4.22.0&amp;apos;, revision: &amp;apos;c5f3146703*&amp;apos;
System info: os.name: &amp;apos;Windows 11&amp;apos;, os.arch: &amp;apos;amd64&amp;apos;, os.version: &amp;apos;10.0&amp;apos;, java.version: &amp;apos;21.0.1&amp;apos;
Driver info: org.openqa.selenium.firefox.FirefoxDriver
Command: [8e2105a7-445e-4338-97b9-f0a57661e831, findElement [value, using]]
Capabilities {acceptInsecureCerts: true, browserName: firefox, browserVersion: 127.0, moz:accessibilityChecks: false, moz:buildID: 20240606181944, moz:debuggerAddress: 127.0.0.1:2128, moz:geckodriverVersion: 0.34.0, moz:headless: false, moz:platformVersion: 10.0, moz:processID: 5600, moz:profile: C:\Users\MS\AppData\Local\T..., moz:shutdownTimeout: 60000, moz:webdriverClick: true, moz:windowless: false, pageLoadStrategy: normal, platformName: windows, proxy: Proxy(), se:cdp: ws://127.0.0.1:2128/devtool..., se:cdpVersion: 85.0, setWindowRect: true, strictFileInteractability: false, timeouts: {implicit: 0, pageLoad: 300000, script: 30000}, unhandledPromptBehavior: dismiss and notify, userAgent: Mozilla/5.0 (Windows NT 10....}
Session ID: 8e2105a7-445e-4338-97b9-f0a57661e831">
      <![CDATA[org.openqa.selenium.remote.UnreachableBrowserException: Error communicating with the remote browser. It may have died.
Build info: version: '4.22.0', revision: 'c5f3146703*'
System info: os.name: 'Windows 11', os.arch: 'amd64', os.version: '10.0', java.version: '21.0.1'
Driver info: org.openqa.selenium.firefox.FirefoxDriver
Command: [8e2105a7-445e-4338-97b9-f0a57661e831, findElement [value, using]]
Capabilities {acceptInsecureCerts: true, browserName: firefox, browserVersion: 127.0, moz:accessibilityChecks: false, moz:buildID: 20240606181944, moz:debuggerAddress: 127.0.0.1:2128, moz:geckodriverVersion: 0.34.0, moz:headless: false, moz:platformVersion: 10.0, moz:processID: 5600, moz:profile: C:\Users\MS\AppData\Local\T..., moz:shutdownTimeout: 60000, moz:webdriverClick: true, moz:windowless: false, pageLoadStrategy: normal, platformName: windows, proxy: Proxy(), se:cdp: ws://127.0.0.1:2128/devtool..., se:cdpVersion: 85.0, setWindowRect: true, strictFileInteractability: false, timeouts: {implicit: 0, pageLoad: 300000, script: 30000}, unhandledPromptBehavior: dismiss and notify, userAgent: Mozilla/5.0 (Windows NT 10....}
Session ID: 8e2105a7-445e-4338-97b9-f0a57661e831
at org.openqa.selenium.remote.RemoteWebDriver.execute(RemoteWebDriver.java:545)
at org.openqa.selenium.remote.ElementLocation$ElementFinder$2.findElement(ElementLocation.java:165)
at org.openqa.selenium.remote.ElementLocation.findElement(ElementLocation.java:59)
at org.openqa.selenium.remote.RemoteWebDriver.findElement(RemoteWebDriver.java:355)
at org.openqa.selenium.remote.RemoteWebDriver.findElement(RemoteWebDriver.java:349)
at org.openqa.selenium.support.pagefactory.DefaultElementLocator.findElement(DefaultElementLocator.java:68)
at org.openqa.selenium.support.pagefactory.internal.LocatingElementHandler.invoke(LocatingElementHandler.java:38)
at jdk.proxy2/jdk.proxy2.$Proxy29.click(Unknown Source)
at pageObjects.HomePage.clickStudentBtn(HomePage.java:70)
at testCases.TC_001_HomePage.accountRegistration(TC_001_HomePage.java:22)
at java.base/java.util.ArrayList.forEach(ArrayList.java:1596)
at java.base/java.util.concurrent.FutureTask.run(FutureTask.java:317)
at java.base/java.util.concurrent.ThreadPoolExecutor.runWorker(ThreadPoolExecutor.java:1144)
at java.base/java.util.concurrent.ThreadPoolExecutor$Worker.run(ThreadPoolExecutor.java:642)
at java.base/java.lang.Thread.run(Thread.java:1583)
Caused by: java.util.concurrent.RejectedExecutionException: Task jdk.internal.net.http.SocketTube$InternalWriteSubscriber$$Lambda/0x0000018bae324cf8@39315045 rejected from java.util.concurrent.ThreadPoolExecutor@61ede862[Shutting down, pool size = 5, active threads = 1, queued tasks = 0, completed tasks = 75]
at java.base/java.util.concurrent.ThreadPoolExecutor$AbortPolicy.rejectedExecution(ThreadPoolExecutor.java:2081)
at java.base/java.util.concurrent.ThreadPoolExecutor.reject(ThreadPoolExecutor.java:841)
at java.base/java.util.concurrent.ThreadPoolExecutor.execute(ThreadPoolExecutor.java:1376)
at java.net.http/jdk.internal.net.http.HttpClientImpl$DelegatingExecutor.ensureExecutedAsync(HttpClientImpl.java:183)
at java.net.http/jdk.internal.net.http.HttpClientImpl$DelegatingExecutor.execute(HttpClientImpl.java:175)
at java.net.http/jdk.internal.net.http.SocketTube$InternalWriteSubscriber.startSubscription(SocketTube.java:396)
at java.net.http/jdk.internal.net.http.AsyncTriggerEvent.handle(AsyncTriggerEvent.java:54)
at java.net.http/jdk.internal.net.http.HttpClientImpl$SelectorManager.run(HttpClientImpl.java:1314)
... Removed 15 stack frames]]>
    </failure>
  </testcase> <!-- accountRegistration -->
</testsuite> <!-- edgeTest -->
